\BOOKMARK [0][-]{chapter.1}{\376\377\135\345\172\013\200\314\146\157\116\016\213\276\213\241\147\141\116\366}{}% 1
\BOOKMARK [1][-]{section.1.1}{\376\377\230\171\166\356\147\145\156\220\116\016\135\345\202\172\200\314\146\157}{chapter.1}% 2
\BOOKMARK [1][-]{section.1.2}{\376\377\213\276\213\241\117\235\143\156\116\016\150\007\121\306\117\123\174\373}{chapter.1}% 3
\BOOKMARK [1][-]{section.1.3}{\376\377\144\315\117\134\116\313\215\050\116\016\133\271\126\150\174\173\122\053}{chapter.1}% 4
\BOOKMARK [2][-]{subsection.1.3.1}{\376\377\144\315\117\134\116\313\215\050\116\016\116\313\215\050\176\304\122\053}{section.1.3}% 5
\BOOKMARK [2][-]{subsection.1.3.2}{\376\377\133\271\126\150\174\173\122\053\122\022\122\006}{section.1.3}% 6
\BOOKMARK [1][-]{section.1.4}{\376\377\144\315\117\134\135\345\121\265\116\016\213\276\213\241\147\141\116\366}{chapter.1}% 7
\BOOKMARK [2][-]{subsection.1.4.1}{\376\377\144\315\117\134\135\345\121\265}{section.1.4}% 8
\BOOKMARK [2][-]{subsection.1.4.2}{\376\377\213\276\213\241\147\141\116\366\166\204\170\156\133\232}{section.1.4}% 9
\BOOKMARK [0][-]{chapter.2}{\376\377\176\323\147\204\213\276\213\241\116\016\137\072\136\246\213\241\173\227}{}% 10
\BOOKMARK [1][-]{section.2.1}{\376\377\173\122\117\123\213\276\213\241}{chapter.2}% 11
\BOOKMARK [2][-]{subsection.2.1.1}{\376\377\173\122\117\123\176\323\147\204\145\271\150\110}{section.2.1}% 12
\BOOKMARK [2][-]{subsection.2.1.2}{\376\377\121\205\123\213\137\072\136\246\213\241\173\227}{section.2.1}% 13
\BOOKMARK [1][-]{section.2.2}{\376\377\131\026\123\213\172\063\133\232\140\047}{chapter.2}% 14
\BOOKMARK [2][-]{subsection.2.2.1}{\376\377\131\061\172\063\147\072\122\066\116\016\213\241\173\227\145\271\154\325}{section.2.2}% 15
\BOOKMARK [2][-]{subsection.2.2.2}{\376\377\121\340\117\125\123\302\145\160\116\016\213\270\165\050\131\026\123\213}{section.2.2}% 16
\BOOKMARK [2][-]{subsection.2.2.3}{\376\377\172\063\133\232\140\047\213\304\133\232}{section.2.2}% 17
\BOOKMARK [1][-]{section.2.3}{\376\377\134\001\131\064\213\276\213\241}{chapter.2}% 18
\BOOKMARK [1][-]{section.2.4}{\376\377\210\331\136\247\213\276\213\241}{chapter.2}% 19
\BOOKMARK [2][-]{subsection.2.4.1}{\376\377\220\011\127\213\116\016\176\323\147\204}{section.2.4}% 20
\BOOKMARK [2][-]{subsection.2.4.2}{\376\377\127\372\170\100\163\257\147\177\213\276\213\241\213\241\173\227}{section.2.4}% 21
\BOOKMARK [2][-]{subsection.2.4.3}{\376\377\226\104\116\366\116\016\137\000\133\124}{section.2.4}% 22
\BOOKMARK [1][-]{section.2.5}{\376\377\143\245\173\241\116\016\154\325\121\160}{chapter.2}% 23
\BOOKMARK [2][-]{subsection.2.5.1}{\376\377\143\245\173\241\220\011\127\213\116\016\136\003\177\156}{section.2.5}% 24
\BOOKMARK [2][-]{subsection.2.5.2}{\376\377\154\325\121\160\220\011\127\213}{section.2.5}% 25
\BOOKMARK [2][-]{subsection.2.5.3}{\376\377\116\272\133\124}{section.2.5}% 26
\BOOKMARK [2][-]{subsection.2.5.4}{\376\377\226\062\155\241\155\101\143\041\147\177}{section.2.5}% 27
\BOOKMARK [1][-]{section.2.6}{\376\377\137\000\133\124\210\145\137\072}{chapter.2}% 28
\BOOKMARK [2][-]{subsection.2.6.1}{\376\377\210\145\137\072\145\271\154\325\116\016\121\306\122\031}{section.2.6}% 29
\BOOKMARK [2][-]{subsection.2.6.2}{\376\377\116\272\133\124\210\145\137\072\213\241\173\227}{section.2.6}% 30
\BOOKMARK [2][-]{subsection.2.6.3}{\376\377\210\145\137\072\213\241\173\227\176\323\147\234}{section.2.6}% 31
\BOOKMARK [0][-]{chapter.3}{\376\377\137\072\136\246\213\241\173\227\116\016\150\041\150\070}{}% 32
\BOOKMARK [1][-]{section.3.1}{\376\377\127\006\173\122\121\205\123\213\137\072\136\246}{chapter.3}% 33
\BOOKMARK [2][-]{subsection.3.1.1}{\376\377\213\241\173\227\123\232\136\246}{section.3.1}% 34
\BOOKMARK [2][-]{subsection.3.1.2}{\376\377\124\015\116\111\123\232\136\246\116\016\147\011\145\110\123\232\136\246}{section.3.1}% 35
\BOOKMARK [2][-]{subsection.3.1.3}{\376\377\144\315\117\134\135\345\121\265\136\224\122\233\150\041\150\070}{section.3.1}% 36
\BOOKMARK [1][-]{section.3.2}{\376\377\127\006\173\122\131\026\123\213\172\063\133\232\140\047}{chapter.3}% 37
\BOOKMARK [2][-]{subsection.3.2.1}{\376\377\213\241\173\227\152\041\127\213}{section.3.2}% 38
\BOOKMARK [2][-]{subsection.3.2.2}{\376\377\121\340\117\125\123\302\145\160}{section.3.2}% 39
\BOOKMARK [2][-]{subsection.3.2.3}{\376\377\213\270\165\050\131\026\123\213\122\233}{section.3.2}% 40
\BOOKMARK [2][-]{subsection.3.2.4}{\376\377\172\063\133\232\140\047\213\304\133\232}{section.3.2}% 41
\BOOKMARK [1][-]{section.3.3}{\376\377\134\001\131\064\121\205\123\213\137\072\136\246}{chapter.3}% 42
\BOOKMARK [1][-]{section.3.4}{\376\377\137\072\136\246\213\241\173\227\176\323\213\272}{chapter.3}% 43
\BOOKMARK [0][-]{chapter.4}{\376\377\122\066\220\040\060\001\150\300\232\214\116\016\123\213\122\233\213\325\232\214}{}% 44
\BOOKMARK [1][-]{section.4.1}{\376\377\122\066\220\040\142\200\147\057\211\201\154\102}{chapter.4}% 45
\BOOKMARK [2][-]{subsection.4.1.1}{\376\377\224\242\147\120\217\333\127\072\150\300\232\214}{section.4.1}% 46
\BOOKMARK [2][-]{subsection.4.1.2}{\376\377\142\020\137\142\116\016\176\304\210\305}{section.4.1}% 47
\BOOKMARK [2][-]{subsection.4.1.3}{\376\377\161\012\124\016\160\355\131\004\164\006}{section.4.1}% 48
\BOOKMARK [1][-]{section.4.2}{\376\377\145\340\143\137\150\300\155\113}{chapter.4}% 49
\BOOKMARK [1][-]{section.4.3}{\376\377\123\213\122\233\213\325\232\214}{chapter.4}% 50
\BOOKMARK [2][-]{subsection.4.3.1}{\376\377\213\325\232\214\174\173\127\213\116\016\116\313\215\050}{section.4.3}% 51
\BOOKMARK [2][-]{subsection.4.3.2}{\376\377\213\325\232\214\123\213\122\233}{section.4.3}% 52
\BOOKMARK [2][-]{subsection.4.3.3}{\376\377\213\325\232\214\136\224\122\233\150\041\150\070}{section.4.3}% 53
\BOOKMARK [2][-]{subsection.4.3.4}{\376\377\213\325\232\214\172\013\136\217}{section.4.3}% 54
\BOOKMARK [0][-]{appendix*.18}{\376\377\226\104\137\125}{}% 55
